<?xml version="1.0" encoding="UTF-8"?>
<testsuite xmlns:xsi="http://www.w3.org/2001/XMLSchema-instance" xsi:noNamespaceSchemaLocation="https://maven.apache.org/surefire/maven-surefire-plugin/xsd/surefire-test-report-3.0.xsd" version="3.0" name="com.harvesthub.controller.ProductControllerSecurityTest" time="23.003" tests="2" errors="0" skipped="0" failures="2">
  <properties>
[...]
</properties>
  <testcase name="addProduct_shouldReturnCreated" classname="com.harvesthub.controller.ProductControllerSecurityTest" time="1.311">
    <failure message="Status expected:&lt;201&gt; but was:&lt;200&gt;" type="java.lang.AssertionError"><![CDATA[java.lang.AssertionError: Status expected:<201> but was:<200>
	at org.springframework.test.util.AssertionErrors.fail(AssertionErrors.java:59)
	at org.springframework.test.util.AssertionErrors.assertEquals(AssertionErrors.java:122)
	at org.springframework.test.web.servlet.result.StatusResultMatchers.lambda$matcher$9(StatusResultMatchers.java:637)
	at org.springframework.test.web.servlet.MockMvc$1.andExpect(MockMvc.java:214)
	at com.harvesthub.controller.ProductControllerSecurityTest.addProduct_shouldReturnCreated(ProductControllerSecurityTest.java:81)
	at java.base/java.lang.reflect.Method.invoke(Method.java:568)
	at java.base/java.util.ArrayList.forEach(ArrayList.java:1511)
	at java.base/java.util.ArrayList.forEach(ArrayList.java:1511)
]]></failure>
    <system-out><![CDATA[
  .   ____          _            __ _ _
 /\\ / ___'_ __ _ _(_)_ __  __ _ \ \ \ \
( ( )\___ | '_ | '_| | '_ \/ _` | \ \ \ \
 \\/  ___)| |_)| | | | | || (_| |  ) ) ) )
  '  |____| .__|_| |_|_| |_\__, | / / / /
 =========|_|==============|___/=/_/_/_/
 :: Spring Boot ::                (v3.2.0)

2025-11-25 13:38:23 - Starting ProductControllerSecurityTest using Java 17.0.12 with PID 18792 (started by Tanisha Reddy R in D:\Tanisha Reddy R\SpringBootProjects\Harvest-Hub-1\harvesthub-backend)
2025-11-25 13:38:23 - Running with Spring Boot v3.2.0, Spring v6.1.1
2025-11-25 13:38:23 - No active profile set, falling back to 1 default profile: "default"
2025-11-25 13:38:38 - Will secure any request with [org.springframework.security.web.session.DisableEncodeUrlFilter@4070ace9, org.springframework.security.web.context.request.async.WebAsyncManagerIntegrationFilter@722b2728, org.springframework.security.web.context.SecurityContextHolderFilter@4ebfb045, org.springframework.security.web.header.HeaderWriterFilter@46e388ec, org.springframework.web.filter.CorsFilter@740c4868, org.springframework.security.web.authentication.logout.LogoutFilter@7540160e, com.harvesthub.filter.JwtAuthenticationFilter#0 bean, org.springframework.security.web.savedrequest.RequestCacheAwareFilter@77c692b4, org.springframework.security.web.servletapi.SecurityContextHolderAwareRequestFilter@5fa0141f, org.springframework.security.web.authentication.AnonymousAuthenticationFilter@29d2fa84, org.springframework.security.web.session.SessionManagementFilter@608b35fa, org.springframework.security.web.access.ExceptionTranslationFilter@58e02359, org.springframework.security.web.access.intercept.AuthorizationFilter@3d6778d5]
2025-11-25 13:38:40 - Initializing Spring TestDispatcherServlet ''
2025-11-25 13:38:40 - Initializing Servlet ''
2025-11-25 13:38:40 - Completed initialization in 9 ms
2025-11-25 13:38:41 - Started ProductControllerSecurityTest in 19.629 seconds (process running for 23.29)

MockHttpServletRequest:
      HTTP Method = POST
      Request URI = /api/products
       Parameters = {}
          Headers = [Content-Type:"application/json;charset=UTF-8", Content-Length:"85"]
             Body = {
  "name": "Potato",
  "category": "Vegetables",
  "price": 30.0,
  "quantity": 5
}

    Session Attrs = {}

Handler:
             Type = null

Async:
    Async started = false
     Async result = null

Resolved Exception:
             Type = null

ModelAndView:
        View name = null
             View = null
            Model = null

FlashMap:
       Attributes = null

MockHttpServletResponse:
           Status = 200
    Error message = null
          Headers = [Vary:"Origin", "Access-Control-Request-Method", "Access-Control-Request-Headers", X-Content-Type-Options:"nosniff", X-XSS-Protection:"0", Cache-Control:"no-cache, no-store, max-age=0, must-revalidate", Pragma:"no-cache", Expires:"0", X-Frame-Options:"DENY"]
     Content type = null
             Body = 
    Forwarded URL = null
   Redirected URL = null
          Cookies = []
]]></system-out>
  </testcase>
  <testcase name="getProductsByFarmer_shouldBeAccessibleWithoutAuth" classname="com.harvesthub.controller.ProductControllerSecurityTest" time="0.171">
    <failure message="No value at JSON path &quot;$[0].name&quot;" type="java.lang.AssertionError"><![CDATA[java.lang.AssertionError: No value at JSON path "$[0].name"
	at org.springframework.test.util.JsonPathExpectationsHelper.evaluateJsonPath(JsonPathExpectationsHelper.java:302)
	at org.springframework.test.util.JsonPathExpectationsHelper.assertValue(JsonPathExpectationsHelper.java:99)
	at org.springframework.test.web.servlet.result.JsonPathResultMatchers.lambda$value$2(JsonPathResultMatchers.java:111)
	at org.springframework.test.web.servlet.MockMvc$1.andExpect(MockMvc.java:214)
	at com.harvesthub.controller.ProductControllerSecurityTest.getProductsByFarmer_shouldBeAccessibleWithoutAuth(ProductControllerSecurityTest.java:56)
	at java.base/java.lang.reflect.Method.invoke(Method.java:568)
	at java.base/java.util.ArrayList.forEach(ArrayList.java:1511)
	at java.base/java.util.ArrayList.forEach(ArrayList.java:1511)
Caused by: java.lang.IllegalArgumentException: json can not be null or empty
	at com.jayway.jsonpath.internal.Utils.notEmpty(Utils.java:401)
	at com.jayway.jsonpath.JsonPath.read(JsonPath.java:390)
	at com.jayway.jsonpath.JsonPath.read(JsonPath.java:377)
	at org.springframework.test.util.JsonPathExpectationsHelper.evaluateJsonPath(JsonPathExpectationsHelper.java:299)
	... 7 more
]]></failure>
    <system-out><![CDATA[
MockHttpServletRequest:
      HTTP Method = GET
      Request URI = /api/products/farmer/1
       Parameters = {}
          Headers = []
             Body = null
    Session Attrs = {}

Handler:
             Type = null

Async:
    Async started = false
     Async result = null

Resolved Exception:
             Type = null

ModelAndView:
        View name = null
             View = null
            Model = null

FlashMap:
       Attributes = null

MockHttpServletResponse:
           Status = 200
    Error message = null
          Headers = [Vary:"Origin", "Access-Control-Request-Method", "Access-Control-Request-Headers", X-Content-Type-Options:"nosniff", X-XSS-Protection:"0", Cache-Control:"no-cache, no-store, max-age=0, must-revalidate", Pragma:"no-cache", Expires:"0", X-Frame-Options:"DENY"]
     Content type = null
             Body = 
    Forwarded URL = null
   Redirected URL = null
          Cookies = []
]]></system-out>
  </testcase>
</testsuite>